<html>
<head>
<title>TestNG:  Login test</title>
<link href="../testng.css" rel="stylesheet" type="text/css" />
<link href="../my-testng.css" rel="stylesheet" type="text/css" />

<style type="text/css">
.log { display: none;} 
.stack-trace { display: none;} 
</style>
<script type="text/javascript">
<!--
function flip(e) {
  current = e.style.display;
  if (current == 'block') {
    e.style.display = 'none';
    return 0;
  }
  else {
    e.style.display = 'block';
    return 1;
  }
}

function toggleBox(szDivId, elem, msg1, msg2)
{
  var res = -1;  if (document.getElementById) {
    res = flip(document.getElementById(szDivId));
  }
  else if (document.all) {
    // this is the way old msie versions work
    res = flip(document.all[szDivId]);
  }
  if(elem) {
    if(res == 0) elem.innerHTML = msg1; else elem.innerHTML = msg2;
  }

}

function toggleAllBoxes() {
  if (document.getElementsByTagName) {
    d = document.getElementsByTagName('div');
    for (i = 0; i < d.length; i++) {
      if (d[i].className == 'log') {
        flip(d[i]);
      }
    }
  }
}

// -->
</script>

</head>
<body>
<h2 align='center'>Login test</h2><table border='1' align="center">
<tr>
<td>Tests passed/Failed/Skipped:</td><td>2/3/0</td>
</tr><tr>
<td>Started on:</td><td>Mon Jul 20 11:06:06 IST 2020</td>
</tr>
<tr><td>Total time:</td><td>6 seconds (6900 ms)</td>
</tr><tr>
<td>Included groups:</td><td></td>
</tr><tr>
<td>Excluded groups:</td><td></td>
</tr>
</table><p/>
<small><i>(Hover the method name to see the test class name)</i></small><p/>
<table width='100%' border='1' class='invocation-failed'>
<tr><td colspan='4' align='center'><b>FAILED TESTS</b></td></tr>
<tr><td><b>Test method</b></td>
<td width="30%"><b>Exception</b></td>
<td width="10%"><b>Time (seconds)</b></td>
<td><b>Instance</b></td>
</tr>
<tr>
<td title='TestNGLearning.Testcase2.retrieveData()'><b>retrieveData</b><br>Test class: TestNGLearning.Testcase2<br>Parameters: 06shreemohini@gmail.com, pwd1, Yes<br/>
<a href="#Output-626133320" onClick='toggleBox("Output-626133320", this, "Show output", "Hide output");'>Show output</a>

<a href="#Output-626133320" onClick="toggleAllBoxes();">Show all outputs</a>
<div class='log' id="Output-626133320">
failed<br/>
<a href="C:\Users\DELL\Desktop\Ranu documents\Selenium\eclipse-workspace\FewFunctions\test-output\index.html">Failed Report Link</a><br/>
<a target="_blank" href="C:\Users\DELL\Desktop\Ranu documents\Selenium\eclipse-workspace\FewFunctions\test-output\index.html">Link new tab</a><br/>
<br><br/>
<a target="_blank" href="C:\Users\DELL\Desktop\Ranu documents\Selenium\eclipse-workspace\FewFunctions\screenshot\Mon_Jun_08_09_14_41_IST_2020.jpg"><img src= "C:\Users\DELL\Desktop\Ranu documents\Selenium\eclipse-workspace\FewFunctions\screenshot\Mon_Jun_08_09_14_41_IST_2020.jpg" height=200 width= 200></a><br/>
</div>
</td>
<td><div><pre>java.lang.IllegalStateException: The driver executable does not exist: C:\Users\DELL\Desktop\Ranu documents\Selenium\Applications\chromedriver.exe
	at com.google.common.base.Preconditions.checkState(Preconditions.java:585)
	at org.openqa.selenium.remote.service.DriverService.checkExecutable(DriverService.java:146)
	at org.openqa.selenium.remote.service.DriverService.findExecutable(DriverService.java:141)
	at org.openqa.selenium.chrome.ChromeDriverService.access$000(ChromeDriverService.java:35)
	at org.openqa.selenium.chrome.ChromeDriverService$Builder.findDefaultExecutable(ChromeDriverService.java:159)
	at org.openqa.selenium.remote.service.DriverService$Builder.build(DriverService.java:355)
	at org.openqa.selenium.chrome.ChromeDriverService.createDefaultService(ChromeDriverService.java:94)
	at org.openqa.selenium.chrome.ChromeDriver.&lt;init&gt;(ChromeDriver.java:123)
	at TestNGLearning.Testcase2.retrieveData(Testcase2.java:54)
	at java.util.concurrent.ThreadPoolExecutor.runWorker(Unknown Source)
	at java.util.concurrent.ThreadPoolExecutor$Worker.run(Unknown Source)
	at java.lang.Thread.run(Unknown Source)
... Removed 12 stack frames</pre></div><a href='#' onClick='toggleBox("stack-trace626133320", this, "Click to show all stack frames", "Click to hide stack frames")'>Click to show all stack frames</a>
<div class='stack-trace' id='stack-trace626133320'><pre>java.lang.IllegalStateException: The driver executable does not exist: C:\Users\DELL\Desktop\Ranu documents\Selenium\Applications\chromedriver.exe
	at com.google.common.base.Preconditions.checkState(Preconditions.java:585)
	at org.openqa.selenium.remote.service.DriverService.checkExecutable(DriverService.java:146)
	at org.openqa.selenium.remote.service.DriverService.findExecutable(DriverService.java:141)
	at org.openqa.selenium.chrome.ChromeDriverService.access$000(ChromeDriverService.java:35)
	at org.openqa.selenium.chrome.ChromeDriverService$Builder.findDefaultExecutable(ChromeDriverService.java:159)
	at org.openqa.selenium.remote.service.DriverService$Builder.build(DriverService.java:355)
	at org.openqa.selenium.chrome.ChromeDriverService.createDefaultService(ChromeDriverService.java:94)
	at org.openqa.selenium.chrome.ChromeDriver.&lt;init&gt;(ChromeDriver.java:123)
	at TestNGLearning.Testcase2.retrieveData(Testcase2.java:54)
	at sun.reflect.NativeMethodAccessorImpl.invoke0(Native Method)
	at sun.reflect.NativeMethodAccessorImpl.invoke(Unknown Source)
	at sun.reflect.DelegatingMethodAccessorImpl.invoke(Unknown Source)
	at java.lang.reflect.Method.invoke(Unknown Source)
	at org.testng.internal.MethodInvocationHelper.invokeMethod(MethodInvocationHelper.java:134)
	at org.testng.internal.TestInvoker.invokeMethod(TestInvoker.java:597)
	at org.testng.internal.TestInvoker.invokeTestMethod(TestInvoker.java:173)
	at org.testng.internal.MethodRunner.runInSequence(MethodRunner.java:46)
	at org.testng.internal.TestInvoker$MethodInvocationAgent.invoke(TestInvoker.java:816)
	at org.testng.internal.TestInvoker.invokeTestMethods(TestInvoker.java:146)
	at org.testng.internal.TestMethodWorker.invokeTestMethods(TestMethodWorker.java:146)
	at org.testng.internal.TestMethodWorker.run(TestMethodWorker.java:128)
	at java.util.concurrent.ThreadPoolExecutor.runWorker(Unknown Source)
	at java.util.concurrent.ThreadPoolExecutor$Worker.run(Unknown Source)
	at java.lang.Thread.run(Unknown Source)
</pre></div></td>
<td>0</td>
<td>TestNGLearning.Testcase2@6ec8211c</td></tr>
<tr>
<td title='TestNGLearning.Testcase2.retrieveData()'><b>retrieveData</b><br>Test class: TestNGLearning.Testcase2<br>Parameters: ranubaghel671994@gmail.com, pwd2, No<br/>
<a href="#Output-1148624679" onClick='toggleBox("Output-1148624679", this, "Show output", "Hide output");'>Show output</a>

<a href="#Output-1148624679" onClick="toggleAllBoxes();">Show all outputs</a>
<div class='log' id="Output-1148624679">
failed<br/>
<a href="C:\Users\DELL\Desktop\Ranu documents\Selenium\eclipse-workspace\FewFunctions\test-output\index.html">Failed Report Link</a><br/>
<a target="_blank" href="C:\Users\DELL\Desktop\Ranu documents\Selenium\eclipse-workspace\FewFunctions\test-output\index.html">Link new tab</a><br/>
<br><br/>
<a target="_blank" href="C:\Users\DELL\Desktop\Ranu documents\Selenium\eclipse-workspace\FewFunctions\screenshot\Mon_Jun_08_09_14_41_IST_2020.jpg"><img src= "C:\Users\DELL\Desktop\Ranu documents\Selenium\eclipse-workspace\FewFunctions\screenshot\Mon_Jun_08_09_14_41_IST_2020.jpg" height=200 width= 200></a><br/>
</div>
</td>
<td><div><pre>java.lang.IllegalStateException: The driver executable does not exist: C:\Users\DELL\Desktop\Ranu documents\Selenium\Applications\chromedriver.exe
	at com.google.common.base.Preconditions.checkState(Preconditions.java:585)
	at org.openqa.selenium.remote.service.DriverService.checkExecutable(DriverService.java:146)
	at org.openqa.selenium.remote.service.DriverService.findExecutable(DriverService.java:141)
	at org.openqa.selenium.chrome.ChromeDriverService.access$000(ChromeDriverService.java:35)
	at org.openqa.selenium.chrome.ChromeDriverService$Builder.findDefaultExecutable(ChromeDriverService.java:159)
	at org.openqa.selenium.remote.service.DriverService$Builder.build(DriverService.java:355)
	at org.openqa.selenium.chrome.ChromeDriverService.createDefaultService(ChromeDriverService.java:94)
	at org.openqa.selenium.chrome.ChromeDriver.&lt;init&gt;(ChromeDriver.java:123)
	at TestNGLearning.Testcase2.retrieveData(Testcase2.java:54)
	at java.util.concurrent.ThreadPoolExecutor.runWorker(Unknown Source)
	at java.util.concurrent.ThreadPoolExecutor$Worker.run(Unknown Source)
	at java.lang.Thread.run(Unknown Source)
... Removed 12 stack frames</pre></div><a href='#' onClick='toggleBox("stack-trace1148624679", this, "Click to show all stack frames", "Click to hide stack frames")'>Click to show all stack frames</a>
<div class='stack-trace' id='stack-trace1148624679'><pre>java.lang.IllegalStateException: The driver executable does not exist: C:\Users\DELL\Desktop\Ranu documents\Selenium\Applications\chromedriver.exe
	at com.google.common.base.Preconditions.checkState(Preconditions.java:585)
	at org.openqa.selenium.remote.service.DriverService.checkExecutable(DriverService.java:146)
	at org.openqa.selenium.remote.service.DriverService.findExecutable(DriverService.java:141)
	at org.openqa.selenium.chrome.ChromeDriverService.access$000(ChromeDriverService.java:35)
	at org.openqa.selenium.chrome.ChromeDriverService$Builder.findDefaultExecutable(ChromeDriverService.java:159)
	at org.openqa.selenium.remote.service.DriverService$Builder.build(DriverService.java:355)
	at org.openqa.selenium.chrome.ChromeDriverService.createDefaultService(ChromeDriverService.java:94)
	at org.openqa.selenium.chrome.ChromeDriver.&lt;init&gt;(ChromeDriver.java:123)
	at TestNGLearning.Testcase2.retrieveData(Testcase2.java:54)
	at sun.reflect.NativeMethodAccessorImpl.invoke0(Native Method)
	at sun.reflect.NativeMethodAccessorImpl.invoke(Unknown Source)
	at sun.reflect.DelegatingMethodAccessorImpl.invoke(Unknown Source)
	at java.lang.reflect.Method.invoke(Unknown Source)
	at org.testng.internal.MethodInvocationHelper.invokeMethod(MethodInvocationHelper.java:134)
	at org.testng.internal.TestInvoker.invokeMethod(TestInvoker.java:597)
	at org.testng.internal.TestInvoker.invokeTestMethod(TestInvoker.java:173)
	at org.testng.internal.MethodRunner.runInSequence(MethodRunner.java:46)
	at org.testng.internal.TestInvoker$MethodInvocationAgent.invoke(TestInvoker.java:816)
	at org.testng.internal.TestInvoker.invokeTestMethods(TestInvoker.java:146)
	at org.testng.internal.TestMethodWorker.invokeTestMethods(TestMethodWorker.java:146)
	at org.testng.internal.TestMethodWorker.run(TestMethodWorker.java:128)
	at java.util.concurrent.ThreadPoolExecutor.runWorker(Unknown Source)
	at java.util.concurrent.ThreadPoolExecutor$Worker.run(Unknown Source)
	at java.lang.Thread.run(Unknown Source)
</pre></div></td>
<td>0</td>
<td>TestNGLearning.Testcase2@6ec8211c</td></tr>
<tr>
<td title='TestNGLearning.Testcase2.retrieveData()'><b>retrieveData</b><br>Test class: TestNGLearning.Testcase2<br>Parameters: unpackingthemind@gmail.com, pwd3, No<br/>
<a href="#Output-1879956939" onClick='toggleBox("Output-1879956939", this, "Show output", "Hide output");'>Show output</a>

<a href="#Output-1879956939" onClick="toggleAllBoxes();">Show all outputs</a>
<div class='log' id="Output-1879956939">
failed<br/>
<a href="C:\Users\DELL\Desktop\Ranu documents\Selenium\eclipse-workspace\FewFunctions\test-output\index.html">Failed Report Link</a><br/>
<a target="_blank" href="C:\Users\DELL\Desktop\Ranu documents\Selenium\eclipse-workspace\FewFunctions\test-output\index.html">Link new tab</a><br/>
<br><br/>
<a target="_blank" href="C:\Users\DELL\Desktop\Ranu documents\Selenium\eclipse-workspace\FewFunctions\screenshot\Mon_Jun_08_09_14_41_IST_2020.jpg"><img src= "C:\Users\DELL\Desktop\Ranu documents\Selenium\eclipse-workspace\FewFunctions\screenshot\Mon_Jun_08_09_14_41_IST_2020.jpg" height=200 width= 200></a><br/>
</div>
</td>
<td><div><pre>java.lang.IllegalStateException: The driver executable does not exist: C:\Users\DELL\Desktop\Ranu documents\Selenium\Applications\chromedriver.exe
	at com.google.common.base.Preconditions.checkState(Preconditions.java:585)
	at org.openqa.selenium.remote.service.DriverService.checkExecutable(DriverService.java:146)
	at org.openqa.selenium.remote.service.DriverService.findExecutable(DriverService.java:141)
	at org.openqa.selenium.chrome.ChromeDriverService.access$000(ChromeDriverService.java:35)
	at org.openqa.selenium.chrome.ChromeDriverService$Builder.findDefaultExecutable(ChromeDriverService.java:159)
	at org.openqa.selenium.remote.service.DriverService$Builder.build(DriverService.java:355)
	at org.openqa.selenium.chrome.ChromeDriverService.createDefaultService(ChromeDriverService.java:94)
	at org.openqa.selenium.chrome.ChromeDriver.&lt;init&gt;(ChromeDriver.java:123)
	at TestNGLearning.Testcase2.retrieveData(Testcase2.java:54)
	at java.util.concurrent.ThreadPoolExecutor.runWorker(Unknown Source)
	at java.util.concurrent.ThreadPoolExecutor$Worker.run(Unknown Source)
	at java.lang.Thread.run(Unknown Source)
... Removed 12 stack frames</pre></div><a href='#' onClick='toggleBox("stack-trace1879956939", this, "Click to show all stack frames", "Click to hide stack frames")'>Click to show all stack frames</a>
<div class='stack-trace' id='stack-trace1879956939'><pre>java.lang.IllegalStateException: The driver executable does not exist: C:\Users\DELL\Desktop\Ranu documents\Selenium\Applications\chromedriver.exe
	at com.google.common.base.Preconditions.checkState(Preconditions.java:585)
	at org.openqa.selenium.remote.service.DriverService.checkExecutable(DriverService.java:146)
	at org.openqa.selenium.remote.service.DriverService.findExecutable(DriverService.java:141)
	at org.openqa.selenium.chrome.ChromeDriverService.access$000(ChromeDriverService.java:35)
	at org.openqa.selenium.chrome.ChromeDriverService$Builder.findDefaultExecutable(ChromeDriverService.java:159)
	at org.openqa.selenium.remote.service.DriverService$Builder.build(DriverService.java:355)
	at org.openqa.selenium.chrome.ChromeDriverService.createDefaultService(ChromeDriverService.java:94)
	at org.openqa.selenium.chrome.ChromeDriver.&lt;init&gt;(ChromeDriver.java:123)
	at TestNGLearning.Testcase2.retrieveData(Testcase2.java:54)
	at sun.reflect.NativeMethodAccessorImpl.invoke0(Native Method)
	at sun.reflect.NativeMethodAccessorImpl.invoke(Unknown Source)
	at sun.reflect.DelegatingMethodAccessorImpl.invoke(Unknown Source)
	at java.lang.reflect.Method.invoke(Unknown Source)
	at org.testng.internal.MethodInvocationHelper.invokeMethod(MethodInvocationHelper.java:134)
	at org.testng.internal.TestInvoker.invokeMethod(TestInvoker.java:597)
	at org.testng.internal.TestInvoker.invokeTestMethod(TestInvoker.java:173)
	at org.testng.internal.MethodRunner.runInSequence(MethodRunner.java:46)
	at org.testng.internal.TestInvoker$MethodInvocationAgent.invoke(TestInvoker.java:816)
	at org.testng.internal.TestInvoker.invokeTestMethods(TestInvoker.java:146)
	at org.testng.internal.TestMethodWorker.invokeTestMethods(TestMethodWorker.java:146)
	at org.testng.internal.TestMethodWorker.run(TestMethodWorker.java:128)
	at java.util.concurrent.ThreadPoolExecutor.runWorker(Unknown Source)
	at java.util.concurrent.ThreadPoolExecutor$Worker.run(Unknown Source)
	at java.lang.Thread.run(Unknown Source)
</pre></div></td>
<td>0</td>
<td>TestNGLearning.Testcase2@6ec8211c</td></tr>
</table><p>
<table width='100%' border='1' class='invocation-passed'>
<tr><td colspan='4' align='center'><b>PASSED TESTS</b></td></tr>
<tr><td><b>Test method</b></td>
<td width="30%"><b>Exception</b></td>
<td width="10%"><b>Time (seconds)</b></td>
<td><b>Instance</b></td>
</tr>
<tr>
<td title='TestNGLearning.Testcase2.closeBrowser()'><b>closeBrowser</b><br>Test class: TestNGLearning.Testcase2<br/>
<a href="#Output-1329234663" onClick='toggleBox("Output-1329234663", this, "Show output", "Hide output");'>Show output</a>

<a href="#Output-1329234663" onClick="toggleAllBoxes();">Show all outputs</a>
<div class='log' id="Output-1329234663">
inside close browser method<br/>
</div>
</td>
<td></td>
<td>0</td>
<td>TestNGLearning.Testcase2@6ec8211c</td></tr>
<tr>
<td title='TestNGLearning.Testcase2.parameterization()'><b>parameterization</b><br>Test class: TestNGLearning.Testcase2<br>Parameters: Shree, mohini<br/>
<a href="#Output-1910859213" onClick='toggleBox("Output-1910859213", this, "Show output", "Hide output");'>Show output</a>

<a href="#Output-1910859213" onClick="toggleAllBoxes();">Show all outputs</a>
<div class='log' id="Output-1910859213">
parameterizationShree<br/>
</div>
</td>
<td></td>
<td>0</td>
<td>TestNGLearning.Testcase2@6ec8211c</td></tr>
</table><p>
</body>
</html>