<?xml version="1.0" encoding="utf-8" ?>
<!DOCTYPE html PUBLIC "-//W3C//DTD XHTML 1.0 Strict//EN"
        "http://www.w3.org/TR/xhtml1/DTD/xhtml1-strict.dtd">
<html xmlns="http://www.w3.org/1999/xhtml" xml:lang="" lang="">
<head>
  <title>Test Results Report - test</title>
  <meta http-equiv="Content-Type" content="text/html;charset=utf-8" />
  <meta name="description" content="TestNG unit test results." />
  <link href="reportng.css" rel="stylesheet" type="text/css" />
    <script type="text/javascript" src="reportng.js"></script>
</head>
<body>
<h1>test</h1>
<p>
  Test duration: 0.137s
</p>



  <table class="resultsTable">
    <tr><th colspan="3" class="header failed">Failed Tests</th></tr>
          <tr>
        <td colspan="3" class="group">TestNGLearning.Testcase2</td>
      </tr>
            
<tr>
  <td class="method">
                  retrieveData
      </td>
  <td class="duration">
    0.112s
  </td>
  <td class="result">
        
          <i>Method arguments: </i><span class="arguments">"06shreemohini@gmail.com", "pwd1", "Yes"</span><br />
    
            <div class="testOutput">
                        failed
                                <a href="C:\Users\DELL\Desktop\Ranu documents\Selenium\eclipse-workspace\FewFunctions\test-output\index.html">Failed Report Link</a>
                                <a target="_blank" href="C:\Users\DELL\Desktop\Ranu documents\Selenium\eclipse-workspace\FewFunctions\test-output\index.html">Link new tab</a>
                                <br>
                                <a target="_blank" href="C:\Users\DELL\Desktop\Ranu documents\Selenium\eclipse-workspace\FewFunctions\screenshot\Mon_Jun_08_09_14_41_IST_2020.jpg"><img src= "C:\Users\DELL\Desktop\Ranu documents\Selenium\eclipse-workspace\FewFunctions\screenshot\Mon_Jun_08_09_14_41_IST_2020.jpg" height=200 width= 200></a>
                  </div>
    

        <a href="javascript:toggleElement('exception-0', 'block')" title="Click to expand/collapse"><b>java.lang.IllegalStateException: The driver executable does not exist: C:\Users\DELL\Desktop\Ranu documents\Selenium\Applications\chromedriver.exe</b></a><br />
    <div class="stackTrace" id="exception-0">
              com.google.common.base.Preconditions.checkState(Preconditions.java:585)<br />
              org.openqa.selenium.remote.service.DriverService.checkExecutable(DriverService.java:146)<br />
              org.openqa.selenium.remote.service.DriverService.findExecutable(DriverService.java:141)<br />
              org.openqa.selenium.chrome.ChromeDriverService.access$000(ChromeDriverService.java:35)<br />
              org.openqa.selenium.chrome.ChromeDriverService$Builder.findDefaultExecutable(ChromeDriverService.java:159)<br />
              org.openqa.selenium.remote.service.DriverService$Builder.build(DriverService.java:355)<br />
              org.openqa.selenium.chrome.ChromeDriverService.createDefaultService(ChromeDriverService.java:94)<br />
              org.openqa.selenium.chrome.ChromeDriver.&lt;init&gt;(ChromeDriver.java:123)<br />
              TestNGLearning.Testcase2.retrieveData(Testcase2.java:54)<br />
              java.base/jdk.internal.reflect.NativeMethodAccessorImpl.invoke0(Native Method)<br />
              java.base/jdk.internal.reflect.NativeMethodAccessorImpl.invoke(NativeMethodAccessorImpl.java:77)<br />
              java.base/jdk.internal.reflect.DelegatingMethodAccessorImpl.invoke(DelegatingMethodAccessorImpl.java:43)<br />
              java.base/java.lang.reflect.Method.invoke(Method.java:568)<br />
              org.testng.internal.MethodInvocationHelper.invokeMethod(MethodInvocationHelper.java:134)<br />
              org.testng.internal.TestInvoker.invokeMethod(TestInvoker.java:597)<br />
              org.testng.internal.TestInvoker.invokeTestMethod(TestInvoker.java:173)<br />
              org.testng.internal.MethodRunner.runInSequence(MethodRunner.java:46)<br />
              org.testng.internal.TestInvoker$MethodInvocationAgent.invoke(TestInvoker.java:816)<br />
              org.testng.internal.TestInvoker.invokeTestMethods(TestInvoker.java:146)<br />
              org.testng.internal.TestMethodWorker.invokeTestMethods(TestMethodWorker.java:146)<br />
              org.testng.internal.TestMethodWorker.run(TestMethodWorker.java:128)<br />
              java.base/java.util.concurrent.ThreadPoolExecutor.runWorker(ThreadPoolExecutor.java:1136)<br />
              java.base/java.util.concurrent.ThreadPoolExecutor$Worker.run(ThreadPoolExecutor.java:635)<br />
              java.base/java.lang.Thread.run(Thread.java:833)<br />
                </div>
      </td>
</tr>
<tr>
  <td class="method">
                  retrieveData
      </td>
  <td class="duration">
    0.002s
  </td>
  <td class="result">
        
          <i>Method arguments: </i><span class="arguments">"unpackingthemind@gmail.com", "pwd3", "No"</span><br />
    
            <div class="testOutput">
                        failed
                                <a href="C:\Users\DELL\Desktop\Ranu documents\Selenium\eclipse-workspace\FewFunctions\test-output\index.html">Failed Report Link</a>
                                <a target="_blank" href="C:\Users\DELL\Desktop\Ranu documents\Selenium\eclipse-workspace\FewFunctions\test-output\index.html">Link new tab</a>
                                <br>
                                <a target="_blank" href="C:\Users\DELL\Desktop\Ranu documents\Selenium\eclipse-workspace\FewFunctions\screenshot\Mon_Jun_08_09_14_41_IST_2020.jpg"><img src= "C:\Users\DELL\Desktop\Ranu documents\Selenium\eclipse-workspace\FewFunctions\screenshot\Mon_Jun_08_09_14_41_IST_2020.jpg" height=200 width= 200></a>
                  </div>
    

        <a href="javascript:toggleElement('exception-1', 'block')" title="Click to expand/collapse"><b>java.lang.IllegalStateException: The driver executable does not exist: C:\Users\DELL\Desktop\Ranu documents\Selenium\Applications\chromedriver.exe</b></a><br />
    <div class="stackTrace" id="exception-1">
              com.google.common.base.Preconditions.checkState(Preconditions.java:585)<br />
              org.openqa.selenium.remote.service.DriverService.checkExecutable(DriverService.java:146)<br />
              org.openqa.selenium.remote.service.DriverService.findExecutable(DriverService.java:141)<br />
              org.openqa.selenium.chrome.ChromeDriverService.access$000(ChromeDriverService.java:35)<br />
              org.openqa.selenium.chrome.ChromeDriverService$Builder.findDefaultExecutable(ChromeDriverService.java:159)<br />
              org.openqa.selenium.remote.service.DriverService$Builder.build(DriverService.java:355)<br />
              org.openqa.selenium.chrome.ChromeDriverService.createDefaultService(ChromeDriverService.java:94)<br />
              org.openqa.selenium.chrome.ChromeDriver.&lt;init&gt;(ChromeDriver.java:123)<br />
              TestNGLearning.Testcase2.retrieveData(Testcase2.java:54)<br />
              java.base/jdk.internal.reflect.NativeMethodAccessorImpl.invoke0(Native Method)<br />
              java.base/jdk.internal.reflect.NativeMethodAccessorImpl.invoke(NativeMethodAccessorImpl.java:77)<br />
              java.base/jdk.internal.reflect.DelegatingMethodAccessorImpl.invoke(DelegatingMethodAccessorImpl.java:43)<br />
              java.base/java.lang.reflect.Method.invoke(Method.java:568)<br />
              org.testng.internal.MethodInvocationHelper.invokeMethod(MethodInvocationHelper.java:134)<br />
              org.testng.internal.TestInvoker.invokeMethod(TestInvoker.java:597)<br />
              org.testng.internal.TestInvoker.invokeTestMethod(TestInvoker.java:173)<br />
              org.testng.internal.MethodRunner.runInSequence(MethodRunner.java:46)<br />
              org.testng.internal.TestInvoker$MethodInvocationAgent.invoke(TestInvoker.java:816)<br />
              org.testng.internal.TestInvoker.invokeTestMethods(TestInvoker.java:146)<br />
              org.testng.internal.TestMethodWorker.invokeTestMethods(TestMethodWorker.java:146)<br />
              org.testng.internal.TestMethodWorker.run(TestMethodWorker.java:128)<br />
              java.base/java.util.concurrent.ThreadPoolExecutor.runWorker(ThreadPoolExecutor.java:1136)<br />
              java.base/java.util.concurrent.ThreadPoolExecutor$Worker.run(ThreadPoolExecutor.java:635)<br />
              java.base/java.lang.Thread.run(Thread.java:833)<br />
                </div>
      </td>
</tr>
<tr>
  <td class="method">
                  retrieveData
      </td>
  <td class="duration">
    0.003s
  </td>
  <td class="result">
        
          <i>Method arguments: </i><span class="arguments">"ranubaghel671994@gmail.com", "pwd2", "No"</span><br />
    
            <div class="testOutput">
                        failed
                                <a href="C:\Users\DELL\Desktop\Ranu documents\Selenium\eclipse-workspace\FewFunctions\test-output\index.html">Failed Report Link</a>
                                <a target="_blank" href="C:\Users\DELL\Desktop\Ranu documents\Selenium\eclipse-workspace\FewFunctions\test-output\index.html">Link new tab</a>
                                <br>
                                <a target="_blank" href="C:\Users\DELL\Desktop\Ranu documents\Selenium\eclipse-workspace\FewFunctions\screenshot\Mon_Jun_08_09_14_41_IST_2020.jpg"><img src= "C:\Users\DELL\Desktop\Ranu documents\Selenium\eclipse-workspace\FewFunctions\screenshot\Mon_Jun_08_09_14_41_IST_2020.jpg" height=200 width= 200></a>
                  </div>
    

        <a href="javascript:toggleElement('exception-2', 'block')" title="Click to expand/collapse"><b>java.lang.IllegalStateException: The driver executable does not exist: C:\Users\DELL\Desktop\Ranu documents\Selenium\Applications\chromedriver.exe</b></a><br />
    <div class="stackTrace" id="exception-2">
              com.google.common.base.Preconditions.checkState(Preconditions.java:585)<br />
              org.openqa.selenium.remote.service.DriverService.checkExecutable(DriverService.java:146)<br />
              org.openqa.selenium.remote.service.DriverService.findExecutable(DriverService.java:141)<br />
              org.openqa.selenium.chrome.ChromeDriverService.access$000(ChromeDriverService.java:35)<br />
              org.openqa.selenium.chrome.ChromeDriverService$Builder.findDefaultExecutable(ChromeDriverService.java:159)<br />
              org.openqa.selenium.remote.service.DriverService$Builder.build(DriverService.java:355)<br />
              org.openqa.selenium.chrome.ChromeDriverService.createDefaultService(ChromeDriverService.java:94)<br />
              org.openqa.selenium.chrome.ChromeDriver.&lt;init&gt;(ChromeDriver.java:123)<br />
              TestNGLearning.Testcase2.retrieveData(Testcase2.java:54)<br />
              java.base/jdk.internal.reflect.NativeMethodAccessorImpl.invoke0(Native Method)<br />
              java.base/jdk.internal.reflect.NativeMethodAccessorImpl.invoke(NativeMethodAccessorImpl.java:77)<br />
              java.base/jdk.internal.reflect.DelegatingMethodAccessorImpl.invoke(DelegatingMethodAccessorImpl.java:43)<br />
              java.base/java.lang.reflect.Method.invoke(Method.java:568)<br />
              org.testng.internal.MethodInvocationHelper.invokeMethod(MethodInvocationHelper.java:134)<br />
              org.testng.internal.TestInvoker.invokeMethod(TestInvoker.java:597)<br />
              org.testng.internal.TestInvoker.invokeTestMethod(TestInvoker.java:173)<br />
              org.testng.internal.MethodRunner.runInSequence(MethodRunner.java:46)<br />
              org.testng.internal.TestInvoker$MethodInvocationAgent.invoke(TestInvoker.java:816)<br />
              org.testng.internal.TestInvoker.invokeTestMethods(TestInvoker.java:146)<br />
              org.testng.internal.TestMethodWorker.invokeTestMethods(TestMethodWorker.java:146)<br />
              org.testng.internal.TestMethodWorker.run(TestMethodWorker.java:128)<br />
              java.base/java.util.concurrent.ThreadPoolExecutor.runWorker(ThreadPoolExecutor.java:1136)<br />
              java.base/java.util.concurrent.ThreadPoolExecutor$Worker.run(ThreadPoolExecutor.java:635)<br />
              java.base/java.lang.Thread.run(Thread.java:833)<br />
                </div>
      </td>
</tr>
      </table>


  <table class="resultsTable">
    <tr><th colspan="3" class="header passed">Passed Tests</th></tr>
          <tr>
        <td colspan="3" class="group">TestNGLearning.Testcase2</td>
      </tr>
            
<tr>
  <td class="method">
                  closeBrowser
      </td>
  <td class="duration">
    0.010s
  </td>
  <td class="result">
        
    
            <div class="testOutput">
                        inside close browser method
                  </div>
    

      </td>
</tr>
<tr>
  <td class="method">
                  parameterization
      </td>
  <td class="duration">
    0.010s
  </td>
  <td class="result">
        
          <i>Method arguments: </i><span class="arguments">"Shree", "mohini"</span><br />
    
            <div class="testOutput">
                        parameterizationShree
                  </div>
    

      </td>
</tr>
      </table>
  
</body>
</html>
