<?xml version="1.0" encoding="UTF-8"?>
<testng-results skipped="0" failed="3" ignored="0" total="5" passed="2">
  <reporter-output>
    <line>
      <![CDATA[inside close browser method]]>
    </line>
    <line>
      <![CDATA[parameterizationShree]]>
    </line>
    <line>
      <![CDATA[failed]]>
    </line>
    <line>
      <![CDATA[<a href="C:\Users\DELL\Desktop\Ranu documents\Selenium\eclipse-workspace\FewFunctions\test-output\index.html">Failed Report Link</a>]]>
    </line>
    <line>
      <![CDATA[<a target="_blank" href="C:\Users\DELL\Desktop\Ranu documents\Selenium\eclipse-workspace\FewFunctions\test-output\index.html">Link new tab</a>]]>
    </line>
    <line>
      <![CDATA[<br>]]>
    </line>
    <line>
      <![CDATA[<a target="_blank" href="C:\Users\DELL\Desktop\Ranu documents\Selenium\eclipse-workspace\FewFunctions\screenshot\Mon_Jun_08_09_14_41_IST_2020.jpg"><img src= "C:\Users\DELL\Desktop\Ranu documents\Selenium\eclipse-workspace\FewFunctions\screenshot\Mon_Jun_08_09_14_41_IST_2020.jpg" height=200 width= 200></a>]]>
    </line>
    <line>
      <![CDATA[failed]]>
    </line>
    <line>
      <![CDATA[<a href="C:\Users\DELL\Desktop\Ranu documents\Selenium\eclipse-workspace\FewFunctions\test-output\index.html">Failed Report Link</a>]]>
    </line>
    <line>
      <![CDATA[<a target="_blank" href="C:\Users\DELL\Desktop\Ranu documents\Selenium\eclipse-workspace\FewFunctions\test-output\index.html">Link new tab</a>]]>
    </line>
    <line>
      <![CDATA[<br>]]>
    </line>
    <line>
      <![CDATA[<a target="_blank" href="C:\Users\DELL\Desktop\Ranu documents\Selenium\eclipse-workspace\FewFunctions\screenshot\Mon_Jun_08_09_14_41_IST_2020.jpg"><img src= "C:\Users\DELL\Desktop\Ranu documents\Selenium\eclipse-workspace\FewFunctions\screenshot\Mon_Jun_08_09_14_41_IST_2020.jpg" height=200 width= 200></a>]]>
    </line>
    <line>
      <![CDATA[failed]]>
    </line>
    <line>
      <![CDATA[<a href="C:\Users\DELL\Desktop\Ranu documents\Selenium\eclipse-workspace\FewFunctions\test-output\index.html">Failed Report Link</a>]]>
    </line>
    <line>
      <![CDATA[<a target="_blank" href="C:\Users\DELL\Desktop\Ranu documents\Selenium\eclipse-workspace\FewFunctions\test-output\index.html">Link new tab</a>]]>
    </line>
    <line>
      <![CDATA[<br>]]>
    </line>
    <line>
      <![CDATA[<a target="_blank" href="C:\Users\DELL\Desktop\Ranu documents\Selenium\eclipse-workspace\FewFunctions\screenshot\Mon_Jun_08_09_14_41_IST_2020.jpg"><img src= "C:\Users\DELL\Desktop\Ranu documents\Selenium\eclipse-workspace\FewFunctions\screenshot\Mon_Jun_08_09_14_41_IST_2020.jpg" height=200 width= 200></a>]]>
    </line>
  </reporter-output>
  <suite name="Learning TestNG Suite" duration-ms="6900" started-at="2020-07-20T11:06:06 IST" finished-at="2020-07-20T11:06:13 IST">
    <groups>
      <group name="group3">
        <method signature="Testcase2.closeBrowser()[pri:0, instance:TestNGLearning.Testcase2@6ec8211c]" name="closeBrowser" class="TestNGLearning.Testcase2"/>
      </group> <!-- group3 -->
    </groups>
    <test name="Login test" duration-ms="6900" started-at="2020-07-20T11:06:06 IST" finished-at="2020-07-20T11:06:13 IST">
      <class name="TestNGLearning.Testcase2">
        <test-method status="PASS" signature="parameterization(java.lang.String, java.lang.String)[pri:0, instance:TestNGLearning.Testcase2@6ec8211c]" name="parameterization" duration-ms="74" started-at="2020-07-20T11:06:06 IST" finished-at="2020-07-20T11:06:06 IST">
          <params>
            <param index="0">
              <value>
                <![CDATA[Shree]]>
              </value>
            </param>
            <param index="1">
              <value>
                <![CDATA[mohini]]>
              </value>
            </param>
          </params>
          <reporter-output>
            <line>
              <![CDATA[parameterizationShree]]>
            </line>
          </reporter-output>
        </test-method> <!-- parameterization -->
        <test-method status="PASS" signature="closeBrowser()[pri:0, instance:TestNGLearning.Testcase2@6ec8211c]" name="closeBrowser" duration-ms="44" started-at="2020-07-20T11:06:06 IST" finished-at="2020-07-20T11:06:06 IST">
          <reporter-output>
            <line>
              <![CDATA[inside close browser method]]>
            </line>
          </reporter-output>
        </test-method> <!-- closeBrowser -->
        <test-method status="FAIL" signature="retrieveData(java.lang.String, java.lang.String, java.lang.String)[pri:0, instance:TestNGLearning.Testcase2@6ec8211c]" name="retrieveData" duration-ms="551" started-at="2020-07-20T11:06:12 IST" data-provider="getData" finished-at="2020-07-20T11:06:12 IST">
          <params>
            <param index="0">
              <value>
                <![CDATA[06shreemohini@gmail.com]]>
              </value>
            </param>
            <param index="1">
              <value>
                <![CDATA[pwd1]]>
              </value>
            </param>
            <param index="2">
              <value>
                <![CDATA[Yes]]>
              </value>
            </param>
          </params>
          <exception class="java.lang.IllegalStateException">
            <message>
              <![CDATA[The driver executable does not exist: C:\Users\DELL\Desktop\Ranu documents\Selenium\Applications\chromedriver.exe]]>
            </message>
            <full-stacktrace>
              <![CDATA[java.lang.IllegalStateException: The driver executable does not exist: C:\Users\DELL\Desktop\Ranu documents\Selenium\Applications\chromedriver.exe
at com.google.common.base.Preconditions.checkState(Preconditions.java:585)
at org.openqa.selenium.remote.service.DriverService.checkExecutable(DriverService.java:146)
at org.openqa.selenium.remote.service.DriverService.findExecutable(DriverService.java:141)
at org.openqa.selenium.chrome.ChromeDriverService.access$000(ChromeDriverService.java:35)
at org.openqa.selenium.chrome.ChromeDriverService$Builder.findDefaultExecutable(ChromeDriverService.java:159)
at org.openqa.selenium.remote.service.DriverService$Builder.build(DriverService.java:355)
at org.openqa.selenium.chrome.ChromeDriverService.createDefaultService(ChromeDriverService.java:94)
at org.openqa.selenium.chrome.ChromeDriver.<init>(ChromeDriver.java:123)
at TestNGLearning.Testcase2.retrieveData(Testcase2.java:54)
at sun.reflect.NativeMethodAccessorImpl.invoke0(Native Method)
at sun.reflect.NativeMethodAccessorImpl.invoke(Unknown Source)
at sun.reflect.DelegatingMethodAccessorImpl.invoke(Unknown Source)
at java.lang.reflect.Method.invoke(Unknown Source)
at org.testng.internal.MethodInvocationHelper.invokeMethod(MethodInvocationHelper.java:134)
at org.testng.internal.TestInvoker.invokeMethod(TestInvoker.java:597)
at org.testng.internal.TestInvoker.invokeTestMethod(TestInvoker.java:173)
at org.testng.internal.MethodRunner.runInSequence(MethodRunner.java:46)
at org.testng.internal.TestInvoker$MethodInvocationAgent.invoke(TestInvoker.java:816)
at org.testng.internal.TestInvoker.invokeTestMethods(TestInvoker.java:146)
at org.testng.internal.TestMethodWorker.invokeTestMethods(TestMethodWorker.java:146)
at org.testng.internal.TestMethodWorker.run(TestMethodWorker.java:128)
at java.util.concurrent.ThreadPoolExecutor.runWorker(Unknown Source)
at java.util.concurrent.ThreadPoolExecutor$Worker.run(Unknown Source)
at java.lang.Thread.run(Unknown Source)
]]>
            </full-stacktrace>
          </exception> <!-- java.lang.IllegalStateException -->
          <reporter-output>
            <line>
              <![CDATA[failed]]>
            </line>
            <line>
              <![CDATA[<a href="C:\Users\DELL\Desktop\Ranu documents\Selenium\eclipse-workspace\FewFunctions\test-output\index.html">Failed Report Link</a>]]>
            </line>
            <line>
              <![CDATA[<a target="_blank" href="C:\Users\DELL\Desktop\Ranu documents\Selenium\eclipse-workspace\FewFunctions\test-output\index.html">Link new tab</a>]]>
            </line>
            <line>
              <![CDATA[<br>]]>
            </line>
            <line>
              <![CDATA[<a target="_blank" href="C:\Users\DELL\Desktop\Ranu documents\Selenium\eclipse-workspace\FewFunctions\screenshot\Mon_Jun_08_09_14_41_IST_2020.jpg"><img src= "C:\Users\DELL\Desktop\Ranu documents\Selenium\eclipse-workspace\FewFunctions\screenshot\Mon_Jun_08_09_14_41_IST_2020.jpg" height=200 width= 200></a>]]>
            </line>
          </reporter-output>
        </test-method> <!-- retrieveData -->
        <test-method status="FAIL" signature="retrieveData(java.lang.String, java.lang.String, java.lang.String)[pri:0, instance:TestNGLearning.Testcase2@6ec8211c]" name="retrieveData" duration-ms="14" started-at="2020-07-20T11:06:12 IST" data-provider="getData" finished-at="2020-07-20T11:06:12 IST">
          <params>
            <param index="0">
              <value>
                <![CDATA[ranubaghel671994@gmail.com]]>
              </value>
            </param>
            <param index="1">
              <value>
                <![CDATA[pwd2]]>
              </value>
            </param>
            <param index="2">
              <value>
                <![CDATA[No]]>
              </value>
            </param>
          </params>
          <exception class="java.lang.IllegalStateException">
            <message>
              <![CDATA[The driver executable does not exist: C:\Users\DELL\Desktop\Ranu documents\Selenium\Applications\chromedriver.exe]]>
            </message>
            <full-stacktrace>
              <![CDATA[java.lang.IllegalStateException: The driver executable does not exist: C:\Users\DELL\Desktop\Ranu documents\Selenium\Applications\chromedriver.exe
at com.google.common.base.Preconditions.checkState(Preconditions.java:585)
at org.openqa.selenium.remote.service.DriverService.checkExecutable(DriverService.java:146)
at org.openqa.selenium.remote.service.DriverService.findExecutable(DriverService.java:141)
at org.openqa.selenium.chrome.ChromeDriverService.access$000(ChromeDriverService.java:35)
at org.openqa.selenium.chrome.ChromeDriverService$Builder.findDefaultExecutable(ChromeDriverService.java:159)
at org.openqa.selenium.remote.service.DriverService$Builder.build(DriverService.java:355)
at org.openqa.selenium.chrome.ChromeDriverService.createDefaultService(ChromeDriverService.java:94)
at org.openqa.selenium.chrome.ChromeDriver.<init>(ChromeDriver.java:123)
at TestNGLearning.Testcase2.retrieveData(Testcase2.java:54)
at sun.reflect.NativeMethodAccessorImpl.invoke0(Native Method)
at sun.reflect.NativeMethodAccessorImpl.invoke(Unknown Source)
at sun.reflect.DelegatingMethodAccessorImpl.invoke(Unknown Source)
at java.lang.reflect.Method.invoke(Unknown Source)
at org.testng.internal.MethodInvocationHelper.invokeMethod(MethodInvocationHelper.java:134)
at org.testng.internal.TestInvoker.invokeMethod(TestInvoker.java:597)
at org.testng.internal.TestInvoker.invokeTestMethod(TestInvoker.java:173)
at org.testng.internal.MethodRunner.runInSequence(MethodRunner.java:46)
at org.testng.internal.TestInvoker$MethodInvocationAgent.invoke(TestInvoker.java:816)
at org.testng.internal.TestInvoker.invokeTestMethods(TestInvoker.java:146)
at org.testng.internal.TestMethodWorker.invokeTestMethods(TestMethodWorker.java:146)
at org.testng.internal.TestMethodWorker.run(TestMethodWorker.java:128)
at java.util.concurrent.ThreadPoolExecutor.runWorker(Unknown Source)
at java.util.concurrent.ThreadPoolExecutor$Worker.run(Unknown Source)
at java.lang.Thread.run(Unknown Source)
]]>
            </full-stacktrace>
          </exception> <!-- java.lang.IllegalStateException -->
          <reporter-output>
            <line>
              <![CDATA[failed]]>
            </line>
            <line>
              <![CDATA[<a href="C:\Users\DELL\Desktop\Ranu documents\Selenium\eclipse-workspace\FewFunctions\test-output\index.html">Failed Report Link</a>]]>
            </line>
            <line>
              <![CDATA[<a target="_blank" href="C:\Users\DELL\Desktop\Ranu documents\Selenium\eclipse-workspace\FewFunctions\test-output\index.html">Link new tab</a>]]>
            </line>
            <line>
              <![CDATA[<br>]]>
            </line>
            <line>
              <![CDATA[<a target="_blank" href="C:\Users\DELL\Desktop\Ranu documents\Selenium\eclipse-workspace\FewFunctions\screenshot\Mon_Jun_08_09_14_41_IST_2020.jpg"><img src= "C:\Users\DELL\Desktop\Ranu documents\Selenium\eclipse-workspace\FewFunctions\screenshot\Mon_Jun_08_09_14_41_IST_2020.jpg" height=200 width= 200></a>]]>
            </line>
          </reporter-output>
        </test-method> <!-- retrieveData -->
        <test-method status="FAIL" signature="retrieveData(java.lang.String, java.lang.String, java.lang.String)[pri:0, instance:TestNGLearning.Testcase2@6ec8211c]" name="retrieveData" duration-ms="148" started-at="2020-07-20T11:06:12 IST" data-provider="getData" finished-at="2020-07-20T11:06:12 IST">
          <params>
            <param index="0">
              <value>
                <![CDATA[unpackingthemind@gmail.com]]>
              </value>
            </param>
            <param index="1">
              <value>
                <![CDATA[pwd3]]>
              </value>
            </param>
            <param index="2">
              <value>
                <![CDATA[No]]>
              </value>
            </param>
          </params>
          <exception class="java.lang.IllegalStateException">
            <message>
              <![CDATA[The driver executable does not exist: C:\Users\DELL\Desktop\Ranu documents\Selenium\Applications\chromedriver.exe]]>
            </message>
            <full-stacktrace>
              <![CDATA[java.lang.IllegalStateException: The driver executable does not exist: C:\Users\DELL\Desktop\Ranu documents\Selenium\Applications\chromedriver.exe
at com.google.common.base.Preconditions.checkState(Preconditions.java:585)
at org.openqa.selenium.remote.service.DriverService.checkExecutable(DriverService.java:146)
at org.openqa.selenium.remote.service.DriverService.findExecutable(DriverService.java:141)
at org.openqa.selenium.chrome.ChromeDriverService.access$000(ChromeDriverService.java:35)
at org.openqa.selenium.chrome.ChromeDriverService$Builder.findDefaultExecutable(ChromeDriverService.java:159)
at org.openqa.selenium.remote.service.DriverService$Builder.build(DriverService.java:355)
at org.openqa.selenium.chrome.ChromeDriverService.createDefaultService(ChromeDriverService.java:94)
at org.openqa.selenium.chrome.ChromeDriver.<init>(ChromeDriver.java:123)
at TestNGLearning.Testcase2.retrieveData(Testcase2.java:54)
at sun.reflect.NativeMethodAccessorImpl.invoke0(Native Method)
at sun.reflect.NativeMethodAccessorImpl.invoke(Unknown Source)
at sun.reflect.DelegatingMethodAccessorImpl.invoke(Unknown Source)
at java.lang.reflect.Method.invoke(Unknown Source)
at org.testng.internal.MethodInvocationHelper.invokeMethod(MethodInvocationHelper.java:134)
at org.testng.internal.TestInvoker.invokeMethod(TestInvoker.java:597)
at org.testng.internal.TestInvoker.invokeTestMethod(TestInvoker.java:173)
at org.testng.internal.MethodRunner.runInSequence(MethodRunner.java:46)
at org.testng.internal.TestInvoker$MethodInvocationAgent.invoke(TestInvoker.java:816)
at org.testng.internal.TestInvoker.invokeTestMethods(TestInvoker.java:146)
at org.testng.internal.TestMethodWorker.invokeTestMethods(TestMethodWorker.java:146)
at org.testng.internal.TestMethodWorker.run(TestMethodWorker.java:128)
at java.util.concurrent.ThreadPoolExecutor.runWorker(Unknown Source)
at java.util.concurrent.ThreadPoolExecutor$Worker.run(Unknown Source)
at java.lang.Thread.run(Unknown Source)
]]>
            </full-stacktrace>
          </exception> <!-- java.lang.IllegalStateException -->
          <reporter-output>
            <line>
              <![CDATA[failed]]>
            </line>
            <line>
              <![CDATA[<a href="C:\Users\DELL\Desktop\Ranu documents\Selenium\eclipse-workspace\FewFunctions\test-output\index.html">Failed Report Link</a>]]>
            </line>
            <line>
              <![CDATA[<a target="_blank" href="C:\Users\DELL\Desktop\Ranu documents\Selenium\eclipse-workspace\FewFunctions\test-output\index.html">Link new tab</a>]]>
            </line>
            <line>
              <![CDATA[<br>]]>
            </line>
            <line>
              <![CDATA[<a target="_blank" href="C:\Users\DELL\Desktop\Ranu documents\Selenium\eclipse-workspace\FewFunctions\screenshot\Mon_Jun_08_09_14_41_IST_2020.jpg"><img src= "C:\Users\DELL\Desktop\Ranu documents\Selenium\eclipse-workspace\FewFunctions\screenshot\Mon_Jun_08_09_14_41_IST_2020.jpg" height=200 width= 200></a>]]>
            </line>
          </reporter-output>
        </test-method> <!-- retrieveData -->
      </class> <!-- TestNGLearning.Testcase2 -->
    </test> <!-- Login test -->
  </suite> <!-- Learning TestNG Suite -->
</testng-results>
